<?xml version="1.0" encoding="UTF-8"?>
<!-- Generated by org.testng.reporters.JUnitXMLReporter -->
<testsuite ignored="0" hostname="ENE" failures="0" tests="4" name="Authorization" time="50.451" errors="0" timestamp="2023-01-11T15:40:21 WAT">
  <testcase classname="BetterLifeTest.LogingPageTest" name="Veryfy_Admin_Login_LogOut" time="13.12"/>
  <testcase classname="BetterLifeTest.LogingPageTest" name="Veryfy_Direct_Supervisor_Login_Logout" time="10.617"/>
  <testcase classname="BetterLifeTest.LogingPageTest" name="Veryfy_In_Season_Advisor_Login_Logout" time="15.284"/>
  <testcase classname="BetterLifeTest.LogingPageTest" name="Veryfy_TGE_Supervisor_Login_Logout" time="11.362"/>
</testsuite> <!-- Authorization -->
