<?xml version="1.0" encoding="UTF-8"?>
<!-- Generated by org.testng.reporters.JUnitXMLReporter -->
<testsuite ignored="0" hostname="ENE" failures="2" tests="4" name="Login" time="559.562" errors="0" timestamp="2023-01-09T13:49:50 WAT">
  <testcase classname="BetterLifeTest.LogingPageTest" name="Veryfy_Admin_Login_LogOut" time="195.073"/>
  <testcase classname="BetterLifeTest.LogingPageTest" name="Veryfy_Direct_Supervisor_Login_Logout" time="92.946">
    <failure type="java.lang.AssertionError" message="expected [https://portfolio-assignment.babbangonaapps.com/supervisor/dashboard] but found [https://portfolio-assignment.babbangonaapps.com/login]">
      <![CDATA[java.lang.AssertionError: expected [https://portfolio-assignment.babbangonaapps.com/supervisor/dashboard] but found [https://portfolio-assignment.babbangonaapps.com/login]
at BetterLifeTest.LogingPageTest.Veryfy_Direct_Supervisor_Login_Logout(LogingPageTest.java:66)
at java.base/java.util.ArrayList.forEach(ArrayList.java:1541)
at java.base/java.util.concurrent.FutureTask.run(FutureTask.java:264)
at java.base/java.util.concurrent.ThreadPoolExecutor.runWorker(ThreadPoolExecutor.java:1128)
at java.base/java.util.concurrent.ThreadPoolExecutor$Worker.run(ThreadPoolExecutor.java:628)
at java.base/java.lang.Thread.run(Thread.java:834)
... Removed 23 stack frames]]>
    </failure>
  </testcase> <!-- Veryfy_Direct_Supervisor_Login_Logout -->
  <testcase classname="BetterLifeTest.LogingPageTest" name="Veryfy_In_Season_Advisor_Login_Logout" time="150.123">
    <failure type="java.lang.AssertionError" message="expected [https://portfolio-assignment.babbangonaapps.com/supervisor/dashboard] but found [https://portfolio-assignment.babbangonaapps.com/login]">
      <![CDATA[java.lang.AssertionError: expected [https://portfolio-assignment.babbangonaapps.com/supervisor/dashboard] but found [https://portfolio-assignment.babbangonaapps.com/login]
at BetterLifeTest.LogingPageTest.Veryfy_In_Season_Advisor_Login_Logout(LogingPageTest.java:87)
at java.base/java.util.ArrayList.forEach(ArrayList.java:1541)
at java.base/java.util.concurrent.FutureTask.run(FutureTask.java:264)
at java.base/java.util.concurrent.ThreadPoolExecutor.runWorker(ThreadPoolExecutor.java:1128)
at java.base/java.util.concurrent.ThreadPoolExecutor$Worker.run(ThreadPoolExecutor.java:628)
at java.base/java.lang.Thread.run(Thread.java:834)
... Removed 23 stack frames]]>
    </failure>
  </testcase> <!-- Veryfy_In_Season_Advisor_Login_Logout -->
  <testcase classname="BetterLifeTest.LogingPageTest" name="Veryfy_TGE_Supervisor_Login_Logout" time="121.28"/>
</testsuite> <!-- Login -->
