<?xml version="1.0" encoding="UTF-8"?>
<!-- Generated by org.testng.reporters.JUnitXMLReporter -->
<testsuite ignored="0" hostname="ENE" failures="5" tests="16" name="Test" time="274.372" errors="0" timestamp="2022-11-08T14:28:40 WAT">
  <testcase classname="BetterLifeTest.SupervisorPageTest" name="Verify_Add_FO_To_Quadrant" time="21.974">
    <failure type="java.lang.AssertionError" message="expected [true] but found [false]">
      <![CDATA[java.lang.AssertionError: expected [true] but found [false]
at BetterLifeTest.SupervisorPageTest.Verify_Add_FO_To_Quadrant(B_SupervisorPageTest.java:36)
at java.base/java.util.ArrayList.forEach(ArrayList.java:1541)
at java.base/java.util.concurrent.FutureTask.run(FutureTask.java:264)
at java.base/java.util.concurrent.ThreadPoolExecutor.runWorker(ThreadPoolExecutor.java:1128)
at java.base/java.util.concurrent.ThreadPoolExecutor$Worker.run(ThreadPoolExecutor.java:628)
at java.base/java.lang.Thread.run(Thread.java:834)
... Removed 21 stack frames]]>
    </failure>
  </testcase> <!-- Verify_Add_FO_To_Quadrant -->
  <testcase classname="BetterLifeTest.LogingPageTest" name="Veryfy_Admin_Login_LogOut" time="18.432"/>
  <testcase classname="BetterLifeTest.LogingPageTest" name="Veryfy_Direct_Supervisor_Login_Logout" time="15.793"/>
  <testcase classname="BetterLifeTest.LogingPageTest" name="Veryfy_In_Season_Advisor_Login_Logout" time="14.785"/>
  <testcase classname="BetterLifeTest.LogingPageTest" name="Veryfy_TGE_Supervisor_Login_Logout" time="13.922"/>
  <testcase classname="BetterLifeTest.AdminPageTest" name="Verify_Approve_All_Button" time="13.299"/>
  <testcase classname="BetterLifeTest.SupervisorPageTest" name="Verify_View_A_Field_Officer_Allocation" time="13.369"/>
  <testcase classname="BetterLifeTest.AdminPageTest" name="Verify_Reject_All_Button" time="10.485"/>
  <testcase classname="BetterLifeTest.SupervisorPageTest" name="Verify_Remove_FO_From_Quadrant" time="12.937">
    <failure type="org.openqa.selenium.ElementClickInterceptedException" message="element click intercepted: Element &amp;lt;button class=&amp;quot;quadrant-btn&amp;quot;&amp;gt;...&amp;lt;/button&amp;gt; is not clickable at point (536, 319). Other element would receive the click: &amp;lt;div class=&amp;quot;flex flex-wrap justify-between mt-3  w-3/4 mb-4&amp;quot;&amp;gt;...&amp;lt;/div&amp;gt;
  (Session info: MicrosoftEdge=107.0.1418.35)
Build info: version: &amp;apos;4.3.0&amp;apos;, revision: &amp;apos;a4995e2c09*&amp;apos;
System info: host: &amp;apos;ENE&amp;apos;, ip: &amp;apos;192.168.194.240&amp;apos;, os.name: &amp;apos;Windows 11&amp;apos;, os.arch: &amp;apos;amd64&amp;apos;, os.version: &amp;apos;10.0&amp;apos;, java.version: &amp;apos;11.0.14&amp;apos;
Driver info: org.openqa.selenium.edge.EdgeDriver
Command: [22899955ee3b60f13f86c40e70ef0663, clickElement {id=73758884-9408-4ed9-aa61-6926e99b88a2}]
Capabilities {acceptInsecureCerts: false, browserName: msedge, browserVersion: 107.0.1418.35, ms:edgeOptions: {debuggerAddress: localhost:59720}, msedge: {msedgedriverVersion: 106.0.1370.37 (7c71c663052f..., userDataDir: C:\Users\bglag\AppData\Loca...}, networkConnectionEnabled: false, pageLoadStrategy: normal, platformName: WINDOWS, proxy: Proxy(), se:cdp: ws://localhost:59720/devtoo..., se:cdpVersion: 107.0.1418.35, setWindowRect: true, strictFileInteractability: false, timeouts: {implicit: 0, pageLoad: 300000, script: 30000}, unhandledPromptBehavior: dismiss and notify, webauthn:extension:credBlob: true, webauthn:extension:largeBlob: true, webauthn:virtualAuthenticators: true}
Element: [[EdgeDriver: msedge on WINDOWS (22899955ee3b60f13f86c40e70ef0663)] -&amp;gt; xpath: //button[normalize-space()=&amp;apos;View Field Officer Assignments&amp;apos;]]
Session ID: 22899955ee3b60f13f86c40e70ef0663">
      <![CDATA[org.openqa.selenium.ElementClickInterceptedException: element click intercepted: Element <button class="quadrant-btn">...</button> is not clickable at point (536, 319). Other element would receive the click: <div class="flex flex-wrap justify-between mt-3  w-3/4 mb-4">...</div>
  (Session info: MicrosoftEdge=107.0.1418.35)
Build info: version: '4.3.0', revision: 'a4995e2c09*'
System info: host: 'ENE', ip: '192.168.194.240', os.name: 'Windows 11', os.arch: 'amd64', os.version: '10.0', java.version: '11.0.14'
Driver info: org.openqa.selenium.edge.EdgeDriver
Command: [22899955ee3b60f13f86c40e70ef0663, clickElement {id=73758884-9408-4ed9-aa61-6926e99b88a2}]
Capabilities {acceptInsecureCerts: false, browserName: msedge, browserVersion: 107.0.1418.35, ms:edgeOptions: {debuggerAddress: localhost:59720}, msedge: {msedgedriverVersion: 106.0.1370.37 (7c71c663052f..., userDataDir: C:\Users\bglag\AppData\Loca...}, networkConnectionEnabled: false, pageLoadStrategy: normal, platformName: WINDOWS, proxy: Proxy(), se:cdp: ws://localhost:59720/devtoo..., se:cdpVersion: 107.0.1418.35, setWindowRect: true, strictFileInteractability: false, timeouts: {implicit: 0, pageLoad: 300000, script: 30000}, unhandledPromptBehavior: dismiss and notify, webauthn:extension:credBlob: true, webauthn:extension:largeBlob: true, webauthn:virtualAuthenticators: true}
Element: [[EdgeDriver: msedge on WINDOWS (22899955ee3b60f13f86c40e70ef0663)] -> xpath: //button[normalize-space()='View Field Officer Assignments']]
Session ID: 22899955ee3b60f13f86c40e70ef0663
at org.openqa.selenium.remote.codec.w3c.W3CHttpResponseCodec.createException(W3CHttpResponseCodec.java:200)
at org.openqa.selenium.remote.codec.w3c.W3CHttpResponseCodec.decode(W3CHttpResponseCodec.java:133)
at org.openqa.selenium.remote.codec.w3c.W3CHttpResponseCodec.decode(W3CHttpResponseCodec.java:53)
at org.openqa.selenium.remote.HttpCommandExecutor.execute(HttpCommandExecutor.java:184)
at org.openqa.selenium.remote.service.DriverCommandExecutor.invokeExecute(DriverCommandExecutor.java:167)
at org.openqa.selenium.remote.service.DriverCommandExecutor.execute(DriverCommandExecutor.java:142)
at org.openqa.selenium.remote.RemoteWebDriver.execute(RemoteWebDriver.java:569)
at org.openqa.selenium.remote.RemoteWebElement.execute(RemoteWebElement.java:257)
at org.openqa.selenium.remote.RemoteWebElement.click(RemoteWebElement.java:78)
at org.openqa.selenium.support.pagefactory.internal.LocatingElementHandler.invoke(LocatingElementHandler.java:52)
at com.sun.proxy.$Proxy14.click(Unknown Source)
at BetterLifePages.SupervisorPage.Remove_FO_From_Quadrant_1(SupervisorPage.java:126)
at BetterLifeTest.SupervisorPageTest.Verify_Remove_FO_From_Quadrant(B_SupervisorPageTest.java:61)
at java.base/java.util.ArrayList.forEach(ArrayList.java:1541)
at java.base/java.util.concurrent.FutureTask.run(FutureTask.java:264)
at java.base/java.util.concurrent.ThreadPoolExecutor.runWorker(ThreadPoolExecutor.java:1128)
at java.base/java.util.concurrent.ThreadPoolExecutor$Worker.run(ThreadPoolExecutor.java:628)
at java.base/java.lang.Thread.run(Thread.java:834)
... Removed 24 stack frames]]>
    </failure>
  </testcase> <!-- Verify_Remove_FO_From_Quadrant -->
  <testcase classname="BetterLifeTest.SupervisorPageTest" name="Add_Lead_Coach_Button_In_Go_To_Quadrant" time="13.825">
    <failure type="java.lang.AssertionError" message="expected [true] but found [false]">
      <![CDATA[java.lang.AssertionError: expected [true] but found [false]
at BetterLifeTest.SupervisorPageTest.Add_Lead_Coach_Button_In_Go_To_Quadrant(B_SupervisorPageTest.java:80)
at java.base/java.util.ArrayList.forEach(ArrayList.java:1541)
at java.base/java.util.concurrent.FutureTask.run(FutureTask.java:264)
at java.base/java.util.concurrent.ThreadPoolExecutor.runWorker(ThreadPoolExecutor.java:1128)
at java.base/java.util.concurrent.ThreadPoolExecutor$Worker.run(ThreadPoolExecutor.java:628)
at java.base/java.lang.Thread.run(Thread.java:834)
... Removed 21 stack frames]]>
    </failure>
  </testcase> <!-- Add_Lead_Coach_Button_In_Go_To_Quadrant -->
  <testcase classname="BetterLifeTest.AdminPageTest" name="Verify_Approve_And_Reject_A_Single_FO" time="17.53"/>
  <testcase classname="BetterLifeTest.SupervisorPageTest" name="Add_Field_Officer_To_Village" time="55.468">
    <failure type="org.openqa.selenium.NoSuchElementException" message="no such element: Unable to locate element: {&amp;quot;method&amp;quot;:&amp;quot;xpath&amp;quot;,&amp;quot;selector&amp;quot;:&amp;quot;//textarea[@id=&amp;apos;notes&amp;apos;]&amp;quot;}
  (Session info: MicrosoftEdge=107.0.1418.35)
For documentation on this error, please visit: https://selenium.dev/exceptions/#no_such_element
Build info: version: &amp;apos;4.3.0&amp;apos;, revision: &amp;apos;a4995e2c09*&amp;apos;
System info: host: &amp;apos;ENE&amp;apos;, ip: &amp;apos;192.168.194.240&amp;apos;, os.name: &amp;apos;Windows 11&amp;apos;, os.arch: &amp;apos;amd64&amp;apos;, os.version: &amp;apos;10.0&amp;apos;, java.version: &amp;apos;11.0.14&amp;apos;
Driver info: org.openqa.selenium.edge.EdgeDriver
Command: [294bba413e3e75ca35588c568aa39eb7, findElement {using=xpath, value=//textarea[@id=&amp;apos;notes&amp;apos;]}]
Capabilities {acceptInsecureCerts: false, browserName: msedge, browserVersion: 107.0.1418.35, ms:edgeOptions: {debuggerAddress: localhost:59954}, msedge: {msedgedriverVersion: 106.0.1370.37 (7c71c663052f..., userDataDir: C:\Users\bglag\AppData\Loca...}, networkConnectionEnabled: false, pageLoadStrategy: normal, platformName: WINDOWS, proxy: Proxy(), se:cdp: ws://localhost:59954/devtoo..., se:cdpVersion: 107.0.1418.35, setWindowRect: true, strictFileInteractability: false, timeouts: {implicit: 0, pageLoad: 300000, script: 30000}, unhandledPromptBehavior: dismiss and notify, webauthn:extension:credBlob: true, webauthn:extension:largeBlob: true, webauthn:virtualAuthenticators: true}
Session ID: 294bba413e3e75ca35588c568aa39eb7">
      <![CDATA[org.openqa.selenium.NoSuchElementException: no such element: Unable to locate element: {"method":"xpath","selector":"//textarea[@id='notes']"}
  (Session info: MicrosoftEdge=107.0.1418.35)
For documentation on this error, please visit: https://selenium.dev/exceptions/#no_such_element
Build info: version: '4.3.0', revision: 'a4995e2c09*'
System info: host: 'ENE', ip: '192.168.194.240', os.name: 'Windows 11', os.arch: 'amd64', os.version: '10.0', java.version: '11.0.14'
Driver info: org.openqa.selenium.edge.EdgeDriver
Command: [294bba413e3e75ca35588c568aa39eb7, findElement {using=xpath, value=//textarea[@id='notes']}]
Capabilities {acceptInsecureCerts: false, browserName: msedge, browserVersion: 107.0.1418.35, ms:edgeOptions: {debuggerAddress: localhost:59954}, msedge: {msedgedriverVersion: 106.0.1370.37 (7c71c663052f..., userDataDir: C:\Users\bglag\AppData\Loca...}, networkConnectionEnabled: false, pageLoadStrategy: normal, platformName: WINDOWS, proxy: Proxy(), se:cdp: ws://localhost:59954/devtoo..., se:cdpVersion: 107.0.1418.35, setWindowRect: true, strictFileInteractability: false, timeouts: {implicit: 0, pageLoad: 300000, script: 30000}, unhandledPromptBehavior: dismiss and notify, webauthn:extension:credBlob: true, webauthn:extension:largeBlob: true, webauthn:virtualAuthenticators: true}
Session ID: 294bba413e3e75ca35588c568aa39eb7
at org.openqa.selenium.remote.codec.w3c.W3CHttpResponseCodec.createException(W3CHttpResponseCodec.java:200)
at org.openqa.selenium.remote.codec.w3c.W3CHttpResponseCodec.decode(W3CHttpResponseCodec.java:133)
at org.openqa.selenium.remote.codec.w3c.W3CHttpResponseCodec.decode(W3CHttpResponseCodec.java:53)
at org.openqa.selenium.remote.HttpCommandExecutor.execute(HttpCommandExecutor.java:184)
at org.openqa.selenium.remote.service.DriverCommandExecutor.invokeExecute(DriverCommandExecutor.java:167)
at org.openqa.selenium.remote.service.DriverCommandExecutor.execute(DriverCommandExecutor.java:142)
at org.openqa.selenium.remote.RemoteWebDriver.execute(RemoteWebDriver.java:569)
at org.openqa.selenium.remote.ElementLocation$ElementFinder$2.findElement(ElementLocation.java:162)
at org.openqa.selenium.remote.ElementLocation.findElement(ElementLocation.java:60)
at org.openqa.selenium.remote.RemoteWebDriver.findElement(RemoteWebDriver.java:387)
at org.openqa.selenium.remote.RemoteWebDriver.findElement(RemoteWebDriver.java:379)
at org.openqa.selenium.support.pagefactory.DefaultElementLocator.findElement(DefaultElementLocator.java:70)
at org.openqa.selenium.support.pagefactory.internal.LocatingElementHandler.invoke(LocatingElementHandler.java:39)
at com.sun.proxy.$Proxy14.sendKeys(Unknown Source)
at BetterLifePages.SupervisorPage.AddFieldOfficerToVillage2(SupervisorPage.java:163)
at BetterLifeTest.SupervisorPageTest.Add_Field_Officer_To_Village(B_SupervisorPageTest.java:103)
at java.base/java.util.ArrayList.forEach(ArrayList.java:1541)
at java.base/java.util.concurrent.FutureTask.run(FutureTask.java:264)
at java.base/java.util.concurrent.ThreadPoolExecutor.runWorker(ThreadPoolExecutor.java:1128)
at java.base/java.util.concurrent.ThreadPoolExecutor$Worker.run(ThreadPoolExecutor.java:628)
at java.base/java.lang.Thread.run(Thread.java:834)
... Removed 21 stack frames]]>
    </failure>
  </testcase> <!-- Add_Field_Officer_To_Village -->
  <testcase classname="BetterLifeTest.AdminPageTest" name="Verify_Re_Assign_FO" time="18.54">
    <failure type="org.openqa.selenium.NoSuchElementException" message="no such element: Unable to locate element: {&amp;quot;method&amp;quot;:&amp;quot;xpath&amp;quot;,&amp;quot;selector&amp;quot;:&amp;quot;(//i[@class=&amp;apos;fa-solid fa-circle&amp;apos;])[1]&amp;quot;}
  (Session info: MicrosoftEdge=107.0.1418.35)
For documentation on this error, please visit: https://selenium.dev/exceptions/#no_such_element
Build info: version: &amp;apos;4.3.0&amp;apos;, revision: &amp;apos;a4995e2c09*&amp;apos;
System info: host: &amp;apos;ENE&amp;apos;, ip: &amp;apos;192.168.194.240&amp;apos;, os.name: &amp;apos;Windows 11&amp;apos;, os.arch: &amp;apos;amd64&amp;apos;, os.version: &amp;apos;10.0&amp;apos;, java.version: &amp;apos;11.0.14&amp;apos;
Driver info: org.openqa.selenium.edge.EdgeDriver
Command: [4db8adf02b47a8e55a3e8b2d299ba3d5, findElement {using=xpath, value=(//i[@class=&amp;apos;fa-solid fa-circle&amp;apos;])[1]}]
Capabilities {acceptInsecureCerts: false, browserName: msedge, browserVersion: 107.0.1418.35, ms:edgeOptions: {debuggerAddress: localhost:58741}, msedge: {msedgedriverVersion: 106.0.1370.37 (7c71c663052f..., userDataDir: C:\Users\bglag\AppData\Loca...}, networkConnectionEnabled: false, pageLoadStrategy: normal, platformName: WINDOWS, proxy: Proxy(), se:cdp: ws://localhost:58741/devtoo..., se:cdpVersion: 107.0.1418.35, setWindowRect: true, strictFileInteractability: false, timeouts: {implicit: 0, pageLoad: 300000, script: 30000}, unhandledPromptBehavior: dismiss and notify, webauthn:extension:credBlob: true, webauthn:extension:largeBlob: true, webauthn:virtualAuthenticators: true}
Session ID: 4db8adf02b47a8e55a3e8b2d299ba3d5">
      <![CDATA[org.openqa.selenium.NoSuchElementException: no such element: Unable to locate element: {"method":"xpath","selector":"(//i[@class='fa-solid fa-circle'])[1]"}
  (Session info: MicrosoftEdge=107.0.1418.35)
For documentation on this error, please visit: https://selenium.dev/exceptions/#no_such_element
Build info: version: '4.3.0', revision: 'a4995e2c09*'
System info: host: 'ENE', ip: '192.168.194.240', os.name: 'Windows 11', os.arch: 'amd64', os.version: '10.0', java.version: '11.0.14'
Driver info: org.openqa.selenium.edge.EdgeDriver
Command: [4db8adf02b47a8e55a3e8b2d299ba3d5, findElement {using=xpath, value=(//i[@class='fa-solid fa-circle'])[1]}]
Capabilities {acceptInsecureCerts: false, browserName: msedge, browserVersion: 107.0.1418.35, ms:edgeOptions: {debuggerAddress: localhost:58741}, msedge: {msedgedriverVersion: 106.0.1370.37 (7c71c663052f..., userDataDir: C:\Users\bglag\AppData\Loca...}, networkConnectionEnabled: false, pageLoadStrategy: normal, platformName: WINDOWS, proxy: Proxy(), se:cdp: ws://localhost:58741/devtoo..., se:cdpVersion: 107.0.1418.35, setWindowRect: true, strictFileInteractability: false, timeouts: {implicit: 0, pageLoad: 300000, script: 30000}, unhandledPromptBehavior: dismiss and notify, webauthn:extension:credBlob: true, webauthn:extension:largeBlob: true, webauthn:virtualAuthenticators: true}
Session ID: 4db8adf02b47a8e55a3e8b2d299ba3d5
at org.openqa.selenium.remote.codec.w3c.W3CHttpResponseCodec.createException(W3CHttpResponseCodec.java:200)
at org.openqa.selenium.remote.codec.w3c.W3CHttpResponseCodec.decode(W3CHttpResponseCodec.java:133)
at org.openqa.selenium.remote.codec.w3c.W3CHttpResponseCodec.decode(W3CHttpResponseCodec.java:53)
at org.openqa.selenium.remote.HttpCommandExecutor.execute(HttpCommandExecutor.java:184)
at org.openqa.selenium.remote.service.DriverCommandExecutor.invokeExecute(DriverCommandExecutor.java:167)
at org.openqa.selenium.remote.service.DriverCommandExecutor.execute(DriverCommandExecutor.java:142)
at org.openqa.selenium.remote.RemoteWebDriver.execute(RemoteWebDriver.java:569)
at org.openqa.selenium.remote.ElementLocation$ElementFinder$2.findElement(ElementLocation.java:162)
at org.openqa.selenium.remote.ElementLocation.findElement(ElementLocation.java:60)
at org.openqa.selenium.remote.RemoteWebDriver.findElement(RemoteWebDriver.java:387)
at org.openqa.selenium.remote.RemoteWebDriver.findElement(RemoteWebDriver.java:379)
at org.openqa.selenium.support.pagefactory.DefaultElementLocator.findElement(DefaultElementLocator.java:70)
at org.openqa.selenium.support.pagefactory.internal.LocatingElementHandler.invoke(LocatingElementHandler.java:39)
at com.sun.proxy.$Proxy14.click(Unknown Source)
at BetterLifePages.AdminPage.EditVillageAllocation1(AdminPage.java:143)
at BetterLifeTest.AdminPageTest.Verify_Re_Assign_FO(C_AdminPageTest.java:99)
at java.base/java.util.ArrayList.forEach(ArrayList.java:1541)
at java.base/java.util.concurrent.FutureTask.run(FutureTask.java:264)
at java.base/java.util.concurrent.ThreadPoolExecutor.runWorker(ThreadPoolExecutor.java:1128)
at java.base/java.util.concurrent.ThreadPoolExecutor$Worker.run(ThreadPoolExecutor.java:628)
at java.base/java.lang.Thread.run(Thread.java:834)
... Removed 21 stack frames]]>
    </failure>
  </testcase> <!-- Verify_Re_Assign_FO -->
  <testcase classname="BetterLifeTest.SupervisorPageTest" name="Verify_Manage_Field_Officer_Portfolio_Size_Button" time="11.136"/>
  <testcase classname="BetterLifeTest.SupervisorPageTest" name="Verify_Manage_Field_Officer_Distance_Travelled_Button" time="11.591"/>
  <testcase classname="BetterLifeTest.SupervisorPageTest" name="Verify_Send_For_Approval_Button" time="11.157"/>
</testsuite> <!-- Test -->
