<?xml version="1.0" encoding="UTF-8"?>
<testng-results ignored="0" total="4" passed="4" failed="0" skipped="0">
  <reporter-output>
  </reporter-output>
  <suite started-at="2022-09-15T13:04:18 WAT" name="Default suite" finished-at="2022-09-15T13:05:29 WAT" duration-ms="70621">
    <groups>
    </groups>
    <test started-at="2022-09-15T13:04:18 WAT" name="Default test" finished-at="2022-09-15T13:05:29 WAT" duration-ms="70621">
      <class name="BetterLifeTest.LogingPageTest">
        <test-method signature="Veryfy_Admin_Login_LogOut()[pri:0, instance:BetterLifeTest.LogingPageTest@45099dd3]" started-at="2022-09-15T13:04:18 WAT" name="Veryfy_Admin_Login_LogOut" finished-at="2022-09-15T13:04:36 WAT" duration-ms="17870" status="PASS">
          <reporter-output>
          </reporter-output>
        </test-method> <!-- Veryfy_Admin_Login_LogOut -->
        <test-method signature="Veryfy_Direct_Supervisor_Login_Logout()[pri:0, instance:BetterLifeTest.LogingPageTest@45099dd3]" started-at="2022-09-15T13:04:36 WAT" name="Veryfy_Direct_Supervisor_Login_Logout" finished-at="2022-09-15T13:04:54 WAT" duration-ms="17522" status="PASS">
          <reporter-output>
          </reporter-output>
        </test-method> <!-- Veryfy_Direct_Supervisor_Login_Logout -->
        <test-method signature="Veryfy_In_Season_Advisor_Login_Logout()[pri:0, instance:BetterLifeTest.LogingPageTest@45099dd3]" started-at="2022-09-15T13:04:54 WAT" name="Veryfy_In_Season_Advisor_Login_Logout" finished-at="2022-09-15T13:05:11 WAT" duration-ms="17311" status="PASS">
          <reporter-output>
          </reporter-output>
        </test-method> <!-- Veryfy_In_Season_Advisor_Login_Logout -->
        <test-method signature="Veryfy_TGE_Supervisor_Login_Logout()[pri:0, instance:BetterLifeTest.LogingPageTest@45099dd3]" started-at="2022-09-15T13:05:11 WAT" name="Veryfy_TGE_Supervisor_Login_Logout" finished-at="2022-09-15T13:05:29 WAT" duration-ms="17885" status="PASS">
          <reporter-output>
          </reporter-output>
        </test-method> <!-- Veryfy_TGE_Supervisor_Login_Logout -->
      </class> <!-- BetterLifeTest.LogingPageTest -->
    </test> <!-- Default test -->
  </suite> <!-- Default suite -->
</testng-results>
